<?xml version="1.0" encoding="UTF-8"?>
<!-- Generated by org.testng.reporters.JUnitReportReporter -->
<testsuite hostname="LAPTOP-DG8G23UU" failures="0" tests="1" name="prashantbhakuni.Test.StandAloneTest" time="9.100" errors="0" timestamp="2024-05-19T12:40:06 IST" skipped="0">
  <testcase classname="prashantbhakuni.Test.StandAloneTest" name="endToEnd" time="9.100"/>
</testsuite> <!-- prashantbhakuni.Test.StandAloneTest -->
