<?xml version="1.0" encoding="UTF-8"?>
<!-- Generated by org.testng.reporters.JUnitReportReporter -->
<testsuite hostname="LAPTOP-DG8G23UU" failures="0" tests="1" name="prashantbhakuni.Test.SuccessfulBooking" time="19.460" errors="0" timestamp="2024-05-21T20:12:46 IST" skipped="0">
  <testcase classname="prashantbhakuni.Test.SuccessfulBooking" name="succBooking" time="19.460"/>
</testsuite> <!-- prashantbhakuni.Test.SuccessfulBooking -->
