<?xml version="1.0" encoding="UTF-8"?>
<!-- Generated by org.testng.reporters.JUnitReportReporter -->
<testsuite hostname="LAPTOP-DG8G23UU" failures="0" tests="5" name="prashantbhakuni.Test.LoginTestCases" time="26.274" errors="0" timestamp="2024-06-03T19:24:23 IST" skipped="0">
  <testcase classname="prashantbhakuni.Test.LoginTestCases" name="loginFour" time="4.671"/>
  <testcase classname="prashantbhakuni.Test.LoginTestCases" name="loginTwo" time="5.368"/>
  <testcase classname="prashantbhakuni.Test.LoginTestCases" name="loginOne" time="6.010"/>
  <testcase classname="prashantbhakuni.Test.LoginTestCases" name="loginFive" time="4.904"/>
  <testcase classname="prashantbhakuni.Test.LoginTestCases" name="loginThree" time="5.321"/>
</testsuite> <!-- prashantbhakuni.Test.LoginTestCases -->
